0 info it worked if it ends with ok
1 verbose cli [ '/usr/bin/node', '/usr/bin/npm', 'run', 'dev-server' ]
2 info using npm@3.10.10
3 info using node@v6.12.2
4 verbose run-script [ 'predev-server', 'dev-server', 'postdev-server' ]
5 info lifecycle react-fundamentals@1.0.0~predev-server: react-fundamentals@1.0.0
6 silly lifecycle react-fundamentals@1.0.0~predev-server: no script for predev-server, continuing
7 info lifecycle react-fundamentals@1.0.0~dev-server: react-fundamentals@1.0.0
8 verbose lifecycle react-fundamentals@1.0.0~dev-server: unsafe-perm in lifecycle true
9 verbose lifecycle react-fundamentals@1.0.0~dev-server: PATH: /usr/lib/node_modules/npm/bin/node-gyp-bin:/home/hjkim/Downloads/react/react-fundamentals/node_modules/.bin:/home/hjkim/bin:/home/hjkim/.local/bin:/usr/local/sbin:/usr/local/bin:/usr/sbin:/usr/bin:/sbin:/bin:/usr/games:/usr/local/games:/snap/bin
10 verbose lifecycle react-fundamentals@1.0.0~dev-server: CWD: /home/hjkim/Downloads/react/react-fundamentals
11 silly lifecycle react-fundamentals@1.0.0~dev-server: Args: [ '-c', 'webpack-dev-server' ]
12 silly lifecycle react-fundamentals@1.0.0~dev-server: Returned: code: 1  signal: null
13 info lifecycle react-fundamentals@1.0.0~dev-server: Failed to exec dev-server script
14 verbose stack Error: react-fundamentals@1.0.0 dev-server: `webpack-dev-server`
14 verbose stack Exit status 1
14 verbose stack     at EventEmitter.<anonymous> (/usr/lib/node_modules/npm/lib/utils/lifecycle.js:255:16)
14 verbose stack     at emitTwo (events.js:106:13)
14 verbose stack     at EventEmitter.emit (events.js:191:7)
14 verbose stack     at ChildProcess.<anonymous> (/usr/lib/node_modules/npm/lib/utils/spawn.js:40:14)
14 verbose stack     at emitTwo (events.js:106:13)
14 verbose stack     at ChildProcess.emit (events.js:191:7)
14 verbose stack     at maybeClose (internal/child_process.js:920:16)
14 verbose stack     at Process.ChildProcess._handle.onexit (internal/child_process.js:230:5)
15 verbose pkgid react-fundamentals@1.0.0
16 verbose cwd /home/hjkim/Downloads/react/react-fundamentals
17 error Linux 4.4.0-66-generic
18 error argv "/usr/bin/node" "/usr/bin/npm" "run" "dev-server"
19 error node v6.12.2
20 error npm  v3.10.10
21 error code ELIFECYCLE
22 error react-fundamentals@1.0.0 dev-server: `webpack-dev-server`
22 error Exit status 1
23 error Failed at the react-fundamentals@1.0.0 dev-server script 'webpack-dev-server'.
23 error Make sure you have the latest version of node.js and npm installed.
23 error If you do, this is most likely a problem with the react-fundamentals package,
23 error not with npm itself.
23 error Tell the author that this fails on your system:
23 error     webpack-dev-server
23 error You can get information on how to open an issue for this project with:
23 error     npm bugs react-fundamentals
23 error Or if that isn't available, you can get their info via:
23 error     npm owner ls react-fundamentals
23 error There is likely additional logging output above.
24 verbose exit [ 1, true ]
